[debug] [2021-10-19T11:35:57.886Z] ----------------------------------------------------------------------
[debug] [2021-10-19T11:35:57.892Z] Command:       C:\Program Files\nodejs\node.exe C:\Users\hp\AppData\Roaming\npm\node_modules\firebase-tools\lib\bin\firebase.js deploy
[debug] [2021-10-19T11:35:57.893Z] CLI Version:   9.20.0
[debug] [2021-10-19T11:35:57.893Z] Platform:      win32
[debug] [2021-10-19T11:35:57.893Z] Node Version:  v14.17.1
[debug] [2021-10-19T11:35:57.894Z] Time:          Tue Oct 19 2021 17:35:57 GMT+0600 (Bangladesh Standard Time)
[debug] [2021-10-19T11:35:57.894Z] ----------------------------------------------------------------------
[debug] 
[debug] [2021-10-19T11:35:58.024Z] > command requires scopes: ["email","openid","https://www.googleapis.com/auth/cloudplatformprojects.readonly","https://www.googleapis.com/auth/firebase","https://www.googleapis.com/auth/cloud-platform"]
[debug] [2021-10-19T11:35:58.025Z] > authorizing via signed-in user (farukeomar@gmail.com)
[debug] [2021-10-19T11:35:58.025Z] [iam] checking project d-lab-diagnostic for permissions ["firebase.projects.get","firebasehosting.sites.update"]
[debug] [2021-10-19T11:35:58.028Z] > refreshing access token with scopes: ["email","https://www.googleapis.com/auth/cloud-platform","https://www.googleapis.com/auth/cloudplatformprojects.readonly","https://www.googleapis.com/auth/firebase","openid"]
[debug] [2021-10-19T11:35:58.028Z] >>> HTTP REQUEST POST https://www.googleapis.com/oauth2/v3/token  
 <request body omitted>
[debug] [2021-10-19T11:35:58.421Z] <<< HTTP RESPONSE 200 {"pragma":"no-cache","expires":"Mon, 01 Jan 1990 00:00:00 GMT","date":"Tue, 19 Oct 2021 11:36:00 GMT","cache-control":"no-cache, no-store, max-age=0, must-revalidate","content-type":"application/json; charset=utf-8","vary":"X-Origin, Referer, Origin,Accept-Encoding","server":"scaffolding on HTTPServer2","x-xss-protection":"0","x-frame-options":"SAMEORIGIN","x-content-type-options":"nosniff","alt-svc":"h3=\":443\"; ma=2592000,h3-29=\":443\"; ma=2592000,h3-T051=\":443\"; ma=2592000,h3-Q050=\":443\"; ma=2592000,h3-Q046=\":443\"; ma=2592000,h3-Q043=\":443\"; ma=2592000,quic=\":443\"; ma=2592000; v=\"46,43\"","accept-ranges":"none","transfer-encoding":"chunked"}
[debug] [2021-10-19T11:35:58.440Z] >>> HTTP REQUEST POST https://cloudresourcemanager.googleapis.com/v1/projects/d-lab-diagnostic:testIamPermissions  
 {"permissions":["firebase.projects.get","firebasehosting.sites.update"]}
[debug] [2021-10-19T11:35:59.941Z] <<< HTTP RESPONSE 200 {"content-type":"application/json; charset=UTF-8","vary":"X-Origin, Referer, Origin,Accept-Encoding","date":"Tue, 19 Oct 2021 11:36:01 GMT","server":"ESF","cache-control":"private","x-xss-protection":"0","x-frame-options":"SAMEORIGIN","x-content-type-options":"nosniff","server-timing":"gfet4t7; dur=1142","alt-svc":"h3=\":443\"; ma=2592000,h3-29=\":443\"; ma=2592000,h3-T051=\":443\"; ma=2592000,h3-Q050=\":443\"; ma=2592000,h3-Q046=\":443\"; ma=2592000,h3-Q043=\":443\"; ma=2592000,quic=\":443\"; ma=2592000; v=\"46,43\"","accept-ranges":"none","transfer-encoding":"chunked"}
[debug] [2021-10-19T11:35:59.948Z] > refreshing access token with scopes: []
[debug] [2021-10-19T11:35:59.949Z] >>> HTTP REQUEST POST https://www.googleapis.com/oauth2/v3/token  
 <request body omitted>
[debug] [2021-10-19T11:36:00.260Z] <<< HTTP RESPONSE 200 {"expires":"Mon, 01 Jan 1990 00:00:00 GMT","cache-control":"no-cache, no-store, max-age=0, must-revalidate","pragma":"no-cache","date":"Tue, 19 Oct 2021 11:36:01 GMT","content-type":"application/json; charset=utf-8","vary":"X-Origin, Referer, Origin,Accept-Encoding","server":"scaffolding on HTTPServer2","x-xss-protection":"0","x-frame-options":"SAMEORIGIN","x-content-type-options":"nosniff","alt-svc":"h3=\":443\"; ma=2592000,h3-29=\":443\"; ma=2592000,h3-T051=\":443\"; ma=2592000,h3-Q050=\":443\"; ma=2592000,h3-Q046=\":443\"; ma=2592000,h3-Q043=\":443\"; ma=2592000,quic=\":443\"; ma=2592000; v=\"46,43\"","accept-ranges":"none","transfer-encoding":"chunked"}
[debug] [2021-10-19T11:36:00.301Z] >>> [apiv2][query] GET https://firebase.googleapis.com/v1beta1/projects/d-lab-diagnostic [none]
[debug] [2021-10-19T11:36:01.181Z] <<< [apiv2][status] GET https://firebase.googleapis.com/v1beta1/projects/d-lab-diagnostic 200
[debug] [2021-10-19T11:36:01.181Z] <<< [apiv2][body] GET https://firebase.googleapis.com/v1beta1/projects/d-lab-diagnostic {"projectId":"d-lab-diagnostic","projectNumber":"374379300405","displayName":"D-Lab diagnostic","name":"projects/d-lab-diagnostic","resources":{"hostingSite":"d-lab-diagnostic"},"state":"ACTIVE"}
[info] 
[info] === Deploying to 'd-lab-diagnostic'...
[info] 
[info] i  deploying hosting 
[debug] [2021-10-19T11:36:01.201Z] > refreshing access token with scopes: ["email","https://www.googleapis.com/auth/cloud-platform","https://www.googleapis.com/auth/cloudplatformprojects.readonly","https://www.googleapis.com/auth/firebase","openid"]
[debug] [2021-10-19T11:36:01.202Z] >>> HTTP REQUEST POST https://www.googleapis.com/oauth2/v3/token  
 <request body omitted>
[debug] [2021-10-19T11:36:01.489Z] <<< HTTP RESPONSE 200 {"cache-control":"no-cache, no-store, max-age=0, must-revalidate","pragma":"no-cache","expires":"Mon, 01 Jan 1990 00:00:00 GMT","date":"Tue, 19 Oct 2021 11:36:03 GMT","content-type":"application/json; charset=utf-8","vary":"X-Origin, Referer, Origin,Accept-Encoding","server":"scaffolding on HTTPServer2","x-xss-protection":"0","x-frame-options":"SAMEORIGIN","x-content-type-options":"nosniff","alt-svc":"h3=\":443\"; ma=2592000,h3-29=\":443\"; ma=2592000,h3-T051=\":443\"; ma=2592000,h3-Q050=\":443\"; ma=2592000,h3-Q046=\":443\"; ma=2592000,h3-Q043=\":443\"; ma=2592000,quic=\":443\"; ma=2592000; v=\"46,43\"","accept-ranges":"none","transfer-encoding":"chunked"}
[debug] [2021-10-19T11:36:01.514Z] >>> HTTP REQUEST POST https://firebasehosting.googleapis.com/v1beta1/sites/d-lab-diagnostic/versions  
 {"config":{"rewrites":[{"glob":"**","path":"/index.html"}]},"labels":{"deployment-tool":"cli-firebase"}}
[debug] [2021-10-19T11:36:03.415Z] <<< HTTP RESPONSE 200 {"content-type":"application/json; charset=UTF-8","vary":"X-Origin, Referer, Origin,Accept-Encoding","date":"Tue, 19 Oct 2021 11:36:05 GMT","server":"ESF","cache-control":"private","x-xss-protection":"0","x-frame-options":"SAMEORIGIN","x-content-type-options":"nosniff","alt-svc":"h3=\":443\"; ma=2592000,h3-29=\":443\"; ma=2592000,h3-T051=\":443\"; ma=2592000,h3-Q050=\":443\"; ma=2592000,h3-Q046=\":443\"; ma=2592000,h3-Q043=\":443\"; ma=2592000,quic=\":443\"; ma=2592000; v=\"46,43\"","accept-ranges":"none","transfer-encoding":"chunked"}
[info] i  hosting[d-lab-diagnostic]: beginning deploy... 
[info] i  hosting[d-lab-diagnostic]: found 26 files in build 
[debug] [2021-10-19T11:36:03.806Z] > refreshing access token with scopes: []
[debug] [2021-10-19T11:36:03.806Z] >>> HTTP REQUEST POST https://www.googleapis.com/oauth2/v3/token  
 <request body omitted>
[debug] [2021-10-19T11:36:03.808Z] [hosting] hash cache [YnVpbGQ] stored for 26 files
[debug] [2021-10-19T11:36:03.808Z] [hosting][hash queue][FINAL] {"max":285,"min":25,"avg":88.65384615384616,"active":0,"complete":26,"success":26,"errored":0,"retried":0,"total":26,"elapsed":309}
[debug] [2021-10-19T11:36:05.084Z] <<< HTTP RESPONSE 200 {"pragma":"no-cache","expires":"Mon, 01 Jan 1990 00:00:00 GMT","cache-control":"no-cache, no-store, max-age=0, must-revalidate","date":"Tue, 19 Oct 2021 11:36:06 GMT","content-type":"application/json; charset=utf-8","vary":"X-Origin, Referer, Origin,Accept-Encoding","server":"scaffolding on HTTPServer2","x-xss-protection":"0","x-frame-options":"SAMEORIGIN","x-content-type-options":"nosniff","alt-svc":"h3=\":443\"; ma=2592000,h3-29=\":443\"; ma=2592000,h3-T051=\":443\"; ma=2592000,h3-Q050=\":443\"; ma=2592000,h3-Q046=\":443\"; ma=2592000,h3-Q043=\":443\"; ma=2592000,quic=\":443\"; ma=2592000; v=\"46,43\"","accept-ranges":"none","transfer-encoding":"chunked"}
[debug] [2021-10-19T11:36:05.113Z] >>> [apiv2][query] POST https://firebasehosting.googleapis.com/v1beta1/sites/d-lab-diagnostic/versions/3a1e8ed7b7bc15ed:populateFiles [none]
[debug] [2021-10-19T11:36:05.118Z] >>> [apiv2][body] POST https://firebasehosting.googleapis.com/v1beta1/sites/d-lab-diagnostic/versions/3a1e8ed7b7bc15ed:populateFiles {"files":{"/favicon.ico":"eae62e993eb980ec8a25058c39d5a51feab118bd2100c4deebb2a9c158ec11f9","/logo192.png":"3ee59515172ee198f3be375979df15ac5345183e656720a381b8872b2a39dc8b","/logo512.png":"ee7e2f3fdb8209c4b6fd7bef6ba50d1b9dba30a25bb5c3126df057e1cb6f5331","/manifest.json":"aff3449bdc238776f5d6d967f19ec491b36aed5fb7f23ccff6500736fd58494a","/robots.txt":"bfe106a3fb878dc83461c86818bf74fc1bdc7f28538ba613cd3e775516ce8b49","/Service.json":"47404b4c90de8c9d4d9f5aa635632ef293c98f8c3cca5f8bd1980e4aa9d616ab","/asset-manifest.json":"a625b0ad81eb863e0c9a415bf494942e94dee3fa18a3e4ff517562684e7a88d2","/index.html":"05192d4da2972e8937dbd3942607ba3c73e83d29b093fb52791ef8480df3e309","/static/css/main.d2032d75.chunk.css":"976023b3f91afdf24a371406b1ace343f8b40718e385863d7bf4526fb008f946","/static/css/main.d2032d75.chunk.css.map":"82e44a0a39a0dc8cfe32242d36b7bff15f28042e9256f4f703685082a5228439","/static/js/2.1cdbdf7b.chunk.js.LICENSE.txt":"aea587baccbeb03e4b14386f5248ba83b32bc7d6da081537025be9ebb4ad69b5","/static/js/3.d080756d.chunk.js":"9bc342bb51dafd0421ba17f6a6c56a9daf3d5d8781767b5d2969831264424a3a","/static/js/3.d080756d.chunk.js.map":"a6d9cc92c523f14f3c1f33fcba4007f09da96de75667e8343d060ccb7152a8b3","/static/js/runtime-main.a18b62ec.js":"19c967c4e21faa23b9cef6c9ee978b7c242649c0a1d2d11adf7d05e423887af7","/static/js/main.6588aaf5.chunk.js":"528f3c08805c62c725fe983c1e2adb56b2ec626efeddd080b0cbc240910b7b97","/static/js/runtime-main.a18b62ec.js.map":"13dfbf4a04be55ce8e26ab482f4027628f16e419cf817306f413f52bdd8745b9","/static/media/oops.01f2818e.jpg":"869cbcc93e794995b76a3abab17daec7628e67fa681c78cf02e8ff072461d5e7","/static/media/undraw_medical_care_movn.ad3f2280.svg":"79f25e27b37686c692cb5c5f9fbe0b5af7694ecbdb9224c9a694057479744a72","/static/media/Contact Us.608865f1.jpg":"de8f53e8ec0dde35061052ef40c67c6bcbd94e65b563ce29ca216ad30ecb7493","/static/js/main.6588aaf5.chunk.js.map":"6d000f01d9f23efcb57aa8eda2ee5db91db419cbc4579f801085ab841623b992","/static/js/2.1cdbdf7b.chunk.js":"056e2654fa7f1b001ae0db6eea3f4295e16417543d48f877dbc25bcb6cecff00","/static/media/d1 (2).33b9470f.jpg":"e6b30230fd1499dc9c64953d98987aa6b3eb025d38a55055aff4bc169d2a144d","/static/media/d1 (1).151af29f.jpg":"3e3e738a021390004bc2f2181393773271f39cc548e7a0ba8aa31e9a44ca80c7","/static/media/d1 (4).4ee653e3.jpg":"bc5233948b5b1a15fb2e724f47175374263ca102ec54d140c5b219292b5287ee","/static/media/d1 (3).f0ba58c3.jpg":"086bb428305e3bba7bbcb8f0c149fa449ad7c982b78b8161c605f3b80cf9be7a","/static/js/2.1cdbdf7b.chunk.js.map":"88cf4be89afbf9580c94a8e61860e77c7ef63039cb02312f73076960b3bca132"}}
[debug] [2021-10-19T11:36:06.805Z] <<< [apiv2][status] POST https://firebasehosting.googleapis.com/v1beta1/sites/d-lab-diagnostic/versions/3a1e8ed7b7bc15ed:populateFiles 200
[debug] [2021-10-19T11:36:06.806Z] <<< [apiv2][body] POST https://firebasehosting.googleapis.com/v1beta1/sites/d-lab-diagnostic/versions/3a1e8ed7b7bc15ed:populateFiles {"uploadRequiredHashes":["a625b0ad81eb863e0c9a415bf494942e94dee3fa18a3e4ff517562684e7a88d2","05192d4da2972e8937dbd3942607ba3c73e83d29b093fb52791ef8480df3e309","6d000f01d9f23efcb57aa8eda2ee5db91db419cbc4579f801085ab841623b992","528f3c08805c62c725fe983c1e2adb56b2ec626efeddd080b0cbc240910b7b97"],"uploadUrl":"https://upload-firebasehosting.googleapis.com/upload/sites/d-lab-diagnostic/versions/3a1e8ed7b7bc15ed/files"}
[debug] [2021-10-19T11:36:06.811Z] >>> [apiv2][query] POST https://upload-firebasehosting.googleapis.com/upload/sites/d-lab-diagnostic/versions/3a1e8ed7b7bc15ed/files/a625b0ad81eb863e0c9a415bf494942e94dee3fa18a3e4ff517562684e7a88d2 [none]
[debug] [2021-10-19T11:36:06.811Z] >>> [apiv2][body] POST https://upload-firebasehosting.googleapis.com/upload/sites/d-lab-diagnostic/versions/3a1e8ed7b7bc15ed/files/a625b0ad81eb863e0c9a415bf494942e94dee3fa18a3e4ff517562684e7a88d2 [stream]
[debug] [2021-10-19T11:36:06.824Z] >>> [apiv2][query] POST https://upload-firebasehosting.googleapis.com/upload/sites/d-lab-diagnostic/versions/3a1e8ed7b7bc15ed/files/05192d4da2972e8937dbd3942607ba3c73e83d29b093fb52791ef8480df3e309 [none]
[debug] [2021-10-19T11:36:06.824Z] >>> [apiv2][body] POST https://upload-firebasehosting.googleapis.com/upload/sites/d-lab-diagnostic/versions/3a1e8ed7b7bc15ed/files/05192d4da2972e8937dbd3942607ba3c73e83d29b093fb52791ef8480df3e309 [stream]
[debug] [2021-10-19T11:36:06.833Z] >>> [apiv2][query] POST https://upload-firebasehosting.googleapis.com/upload/sites/d-lab-diagnostic/versions/3a1e8ed7b7bc15ed/files/6d000f01d9f23efcb57aa8eda2ee5db91db419cbc4579f801085ab841623b992 [none]
[debug] [2021-10-19T11:36:06.834Z] >>> [apiv2][body] POST https://upload-firebasehosting.googleapis.com/upload/sites/d-lab-diagnostic/versions/3a1e8ed7b7bc15ed/files/6d000f01d9f23efcb57aa8eda2ee5db91db419cbc4579f801085ab841623b992 [stream]
[debug] [2021-10-19T11:36:06.846Z] >>> [apiv2][query] POST https://upload-firebasehosting.googleapis.com/upload/sites/d-lab-diagnostic/versions/3a1e8ed7b7bc15ed/files/528f3c08805c62c725fe983c1e2adb56b2ec626efeddd080b0cbc240910b7b97 [none]
[debug] [2021-10-19T11:36:06.847Z] >>> [apiv2][body] POST https://upload-firebasehosting.googleapis.com/upload/sites/d-lab-diagnostic/versions/3a1e8ed7b7bc15ed/files/528f3c08805c62c725fe983c1e2adb56b2ec626efeddd080b0cbc240910b7b97 [stream]
[debug] [2021-10-19T11:36:06.858Z] [hosting][populate queue][FINAL] {"max":3005,"min":3005,"avg":3005,"active":0,"complete":1,"success":1,"errored":0,"retried":0,"total":1,"elapsed":3052}
[debug] [2021-10-19T11:36:06.860Z] [hosting] uploads queued: 4
[debug] [2021-10-19T11:36:08.741Z] <<< [apiv2][status] POST https://upload-firebasehosting.googleapis.com/upload/sites/d-lab-diagnostic/versions/3a1e8ed7b7bc15ed/files/6d000f01d9f23efcb57aa8eda2ee5db91db419cbc4579f801085ab841623b992 200
[debug] [2021-10-19T11:36:08.741Z] <<< [apiv2][body] POST https://upload-firebasehosting.googleapis.com/upload/sites/d-lab-diagnostic/versions/3a1e8ed7b7bc15ed/files/6d000f01d9f23efcb57aa8eda2ee5db91db419cbc4579f801085ab841623b992 [stream]
[debug] [2021-10-19T11:36:08.743Z] <<< [apiv2][status] POST https://upload-firebasehosting.googleapis.com/upload/sites/d-lab-diagnostic/versions/3a1e8ed7b7bc15ed/files/528f3c08805c62c725fe983c1e2adb56b2ec626efeddd080b0cbc240910b7b97 200
[debug] [2021-10-19T11:36:08.744Z] <<< [apiv2][body] POST https://upload-firebasehosting.googleapis.com/upload/sites/d-lab-diagnostic/versions/3a1e8ed7b7bc15ed/files/528f3c08805c62c725fe983c1e2adb56b2ec626efeddd080b0cbc240910b7b97 [stream]
[debug] [2021-10-19T11:36:08.747Z] <<< [apiv2][status] POST https://upload-firebasehosting.googleapis.com/upload/sites/d-lab-diagnostic/versions/3a1e8ed7b7bc15ed/files/a625b0ad81eb863e0c9a415bf494942e94dee3fa18a3e4ff517562684e7a88d2 200
[debug] [2021-10-19T11:36:08.747Z] <<< [apiv2][body] POST https://upload-firebasehosting.googleapis.com/upload/sites/d-lab-diagnostic/versions/3a1e8ed7b7bc15ed/files/a625b0ad81eb863e0c9a415bf494942e94dee3fa18a3e4ff517562684e7a88d2 [stream]
[debug] [2021-10-19T11:36:08.757Z] <<< [apiv2][status] POST https://upload-firebasehosting.googleapis.com/upload/sites/d-lab-diagnostic/versions/3a1e8ed7b7bc15ed/files/05192d4da2972e8937dbd3942607ba3c73e83d29b093fb52791ef8480df3e309 200
[debug] [2021-10-19T11:36:08.757Z] <<< [apiv2][body] POST https://upload-firebasehosting.googleapis.com/upload/sites/d-lab-diagnostic/versions/3a1e8ed7b7bc15ed/files/05192d4da2972e8937dbd3942607ba3c73e83d29b093fb52791ef8480df3e309 [stream]
[debug] [2021-10-19T11:36:08.758Z] [hosting][upload queue][FINAL] {"max":1950,"min":1932,"avg":1939.25,"active":0,"complete":4,"success":4,"errored":0,"retried":0,"total":4,"elapsed":1952}
[info] +  hosting[d-lab-diagnostic]: file upload complete 
[debug] [2021-10-19T11:36:08.761Z] [hosting] deploy completed after 5342ms
[debug] [2021-10-19T11:36:08.771Z] [
  {
    "config": {
      "public": "build",
      "rewrites": [
        {
          "source": "**",
          "destination": "/index.html"
        }
      ],
      "ignore": [
        "firebase.json",
        "**/.*",
        "**/node_modules/**"
      ],
      "site": "d-lab-diagnostic"
    },
    "site": "d-lab-diagnostic",
    "version": "sites/d-lab-diagnostic/versions/3a1e8ed7b7bc15ed"
  }
]
[info] i  hosting[d-lab-diagnostic]: finalizing version... 
[debug] [2021-10-19T11:36:08.775Z] > refreshing access token with scopes: ["email","https://www.googleapis.com/auth/cloud-platform","https://www.googleapis.com/auth/cloudplatformprojects.readonly","https://www.googleapis.com/auth/firebase","openid"]
[debug] [2021-10-19T11:36:08.776Z] >>> HTTP REQUEST POST https://www.googleapis.com/oauth2/v3/token  
 <request body omitted>
[debug] [2021-10-19T11:36:09.015Z] <<< HTTP RESPONSE 200 {"date":"Tue, 19 Oct 2021 11:36:10 GMT","cache-control":"no-cache, no-store, max-age=0, must-revalidate","expires":"Mon, 01 Jan 1990 00:00:00 GMT","pragma":"no-cache","content-type":"application/json; charset=utf-8","vary":"X-Origin, Referer, Origin,Accept-Encoding","server":"scaffolding on HTTPServer2","x-xss-protection":"0","x-frame-options":"SAMEORIGIN","x-content-type-options":"nosniff","alt-svc":"h3=\":443\"; ma=2592000,h3-29=\":443\"; ma=2592000,h3-T051=\":443\"; ma=2592000,h3-Q050=\":443\"; ma=2592000,h3-Q046=\":443\"; ma=2592000,h3-Q043=\":443\"; ma=2592000,quic=\":443\"; ma=2592000; v=\"46,43\"","accept-ranges":"none","transfer-encoding":"chunked"}
[debug] [2021-10-19T11:36:09.049Z] >>> HTTP REQUEST PATCH https://firebasehosting.googleapis.com/v1beta1/sites/d-lab-diagnostic/versions/3a1e8ed7b7bc15ed?updateMask=status  
 {"status":"FINALIZED"}
[debug] [2021-10-19T11:36:10.686Z] <<< HTTP RESPONSE 200 {"content-type":"application/json; charset=UTF-8","vary":"X-Origin, Referer, Origin,Accept-Encoding","date":"Tue, 19 Oct 2021 11:36:12 GMT","server":"ESF","cache-control":"private","x-xss-protection":"0","x-frame-options":"SAMEORIGIN","x-content-type-options":"nosniff","alt-svc":"h3=\":443\"; ma=2592000,h3-29=\":443\"; ma=2592000,h3-T051=\":443\"; ma=2592000,h3-Q050=\":443\"; ma=2592000,h3-Q046=\":443\"; ma=2592000,h3-Q043=\":443\"; ma=2592000,quic=\":443\"; ma=2592000; v=\"46,43\"","accept-ranges":"none","transfer-encoding":"chunked"}
[debug] [2021-10-19T11:36:10.687Z] [hosting] finalized version for d-lab-diagnostic: {"name":"sites/d-lab-diagnostic/versions/3a1e8ed7b7bc15ed","status":"FINALIZED","config":{"rewrites":[{"glob":"**","path":"/index.html"}]},"labels":{"deployment-tool":"cli-firebase"},"createTime":"2021-10-19T11:36:04.802580Z","createUser":{"email":"farukeomar@gmail.com"},"finalizeTime":"2021-10-19T11:36:12.236132Z","finalizeUser":{"email":"farukeomar@gmail.com"}}
[info] +  hosting[d-lab-diagnostic]: version finalized 
[info] i  hosting[d-lab-diagnostic]: releasing new version... 
[debug] [2021-10-19T11:36:10.691Z] >>> HTTP REQUEST POST https://firebasehosting.googleapis.com/v1beta1/sites/d-lab-diagnostic/releases?version_name=sites/d-lab-diagnostic/versions/3a1e8ed7b7bc15ed  
 {"message":null}
